-------------------------------------------------------------------------------
Test set: com.ll.main.BankCounterOperatorApplicationTests
-------------------------------------------------------------------------------
Tests run: 1, Failures: 0, Errors: 1, Skipped: 0, Time elapsed: 4.751 s <<< FAILURE! - in com.ll.main.BankCounterOperatorApplicationTests
contextLoads(com.ll.main.BankCounterOperatorApplicationTests)  Time elapsed: 0.002 s  <<< ERROR!
java.lang.IllegalStateException: Failed to load ApplicationContext
Caused by: org.springframework.beans.factory.BeanCreationException: Error creating bean with name 'orderController' defined in file [/Users/lipan/Downloads/szsmilejava-xht 2/xht/BankCounterOperator/target/classes/com/ll/web/OrderController.class]: Instantiation of bean failed; nested exception is java.lang.ExceptionInInitializerError
Caused by: java.lang.ExceptionInInitializerError
Caused by: java.lang.NullPointerException

